<testng-results>
  <reporter-output>
  </reporter-output>
  <suite name="jsf-addressbook by packages">
    <groups>
    </groups>
    <test name="com.example.service">
      <class name="com.example.service.TestPersistPersonBeanWithHibernate">
        <test-method status="PASS" signature="PersistOnePersonToDb()" name="PersistOnePersonToDb" duration-ms="462" started-at="2009-06-27T11:05:04Z" finished-at="2009-06-27T11:05:04Z">
        </test-method>
        <test-method status="PASS" signature="GenerateTables()" name="GenerateTables" is-config="true" duration-ms="1068" started-at="2009-06-27T11:05:03Z" finished-at="2009-06-27T11:05:04Z">
        </test-method>
      </class>
    </test>
  </suite>
</testng-results>
